

Started GET "/" for 127.0.0.1 at 2014-03-12 20:27:21 -0700

Errno::ENOENT (No such file or directory @ rb_sysopen - /Users/menor/Dropbox/bootcamp/code/phase_3/sf-rspec-rails-challenge/source/config/database.yml):
  railties (3.2.12) lib/rails/application/configuration.rb:115:in `read'
  railties (3.2.12) lib/rails/application/configuration.rb:115:in `database_configuration'
  activerecord (3.2.12) lib/active_record/railtie.rb:78:in `block (2 levels) in <class:Railtie>'
  activesupport (3.2.12) lib/active_support/lazy_load_hooks.rb:36:in `instance_eval'
  activesupport (3.2.12) lib/active_support/lazy_load_hooks.rb:36:in `execute_hook'
  activesupport (3.2.12) lib/active_support/lazy_load_hooks.rb:43:in `block in run_load_hooks'
  activesupport (3.2.12) lib/active_support/lazy_load_hooks.rb:42:in `each'
  activesupport (3.2.12) lib/active_support/lazy_load_hooks.rb:42:in `run_load_hooks'
  activerecord (3.2.12) lib/active_record/base.rb:720:in `<top (required)>'
  activerecord (3.2.12) lib/active_record/connection_adapters/abstract/connection_pool.rb:483:in `rescue in call'
  activerecord (3.2.12) lib/active_record/connection_adapters/abstract/connection_pool.rb:477:in `call'
  actionpack (3.2.12) lib/action_dispatch/middleware/callbacks.rb:28:in `block in call'
  activesupport (3.2.12) lib/active_support/callbacks.rb:405:in `_run__796839569062617791__call__875611218288992831__callbacks'
  activesupport (3.2.12) lib/active_support/callbacks.rb:405:in `__run_callback'
  activesupport (3.2.12) lib/active_support/callbacks.rb:385:in `_run_call_callbacks'
  activesupport (3.2.12) lib/active_support/callbacks.rb:81:in `run_callbacks'
  actionpack (3.2.12) lib/action_dispatch/middleware/callbacks.rb:27:in `call'
  actionpack (3.2.12) lib/action_dispatch/middleware/reloader.rb:65:in `call'
  actionpack (3.2.12) lib/action_dispatch/middleware/remote_ip.rb:31:in `call'
  actionpack (3.2.12) lib/action_dispatch/middleware/debug_exceptions.rb:16:in `call'
  actionpack (3.2.12) lib/action_dispatch/middleware/show_exceptions.rb:56:in `call'
  railties (3.2.12) lib/rails/rack/logger.rb:32:in `call_app'
  railties (3.2.12) lib/rails/rack/logger.rb:16:in `block in call'
  activesupport (3.2.12) lib/active_support/tagged_logging.rb:22:in `tagged'
  railties (3.2.12) lib/rails/rack/logger.rb:16:in `call'
  actionpack (3.2.12) lib/action_dispatch/middleware/request_id.rb:22:in `call'
  rack (1.4.5) lib/rack/methodoverride.rb:21:in `call'
  rack (1.4.5) lib/rack/runtime.rb:17:in `call'
  activesupport (3.2.12) lib/active_support/cache/strategy/local_cache.rb:72:in `call'
  rack (1.4.5) lib/rack/lock.rb:15:in `call'
  actionpack (3.2.12) lib/action_dispatch/middleware/static.rb:62:in `call'
  railties (3.2.12) lib/rails/engine.rb:479:in `call'
  railties (3.2.12) lib/rails/application.rb:223:in `call'
  rack (1.4.5) lib/rack/content_length.rb:14:in `call'
  railties (3.2.12) lib/rails/rack/log_tailer.rb:17:in `call'
  rack (1.4.5) lib/rack/handler/webrick.rb:59:in `service'
  /Users/menor/.rvm/rubies/ruby-2.1.0/lib/ruby/2.1.0/webrick/httpserver.rb:138:in `service'
  /Users/menor/.rvm/rubies/ruby-2.1.0/lib/ruby/2.1.0/webrick/httpserver.rb:94:in `run'
  /Users/menor/.rvm/rubies/ruby-2.1.0/lib/ruby/2.1.0/webrick/server.rb:295:in `block in start_thread'


  Rendered /Users/menor/.rvm/gems/ruby-2.1.0/gems/actionpack-3.2.12/lib/action_dispatch/middleware/templates/rescues/_trace.erb (1.4ms)
  Rendered /Users/menor/.rvm/gems/ruby-2.1.0/gems/actionpack-3.2.12/lib/action_dispatch/middleware/templates/rescues/_request_and_response.erb (2.4ms)
  Rendered /Users/menor/.rvm/gems/ruby-2.1.0/gems/actionpack-3.2.12/lib/action_dispatch/middleware/templates/rescues/diagnostics.erb within rescues/layout (11.9ms)
Connecting to database specified by database.yml
Connecting to database specified by database.yml
Connecting to database specified by database.yml
  [1m[36m (0.2ms)[0m  [1mDROP DATABASE IF EXISTS "sf_rspec_rails_challenge_development"[0m
  [1m[35m (0.1ms)[0m  DROP DATABASE IF EXISTS "sf_rspec_rails_challenge_test"
  [1m[36m (372.0ms)[0m  [1mCREATE DATABASE "sf_rspec_rails_challenge_development" ENCODING = 'utf8'[0m
  [1m[35m (264.7ms)[0m  CREATE DATABASE "sf_rspec_rails_challenge_test" ENCODING = 'utf8'
  [1m[36m (34.5ms)[0m  [1mCREATE TABLE "posts" ("id" serial primary key, "slug" character varying(255), "title" character varying(255), "content" text, "is_published" boolean DEFAULT 'f', "created_at" timestamp NOT NULL, "updated_at" timestamp NOT NULL) [0m
  [1m[35m (1.2ms)[0m  CREATE TABLE "schema_migrations" ("version" character varying(255) NOT NULL) 
  [1m[36m (1.3ms)[0m  [1mCREATE UNIQUE INDEX "unique_schema_migrations" ON "schema_migrations" ("version")[0m
  [1m[35m (0.3ms)[0m  SELECT version FROM "schema_migrations"
  [1m[36m (1.6ms)[0m  [1mINSERT INTO "schema_migrations" (version) VALUES ('20130423183943')[0m
  [1m[35m (0.2ms)[0m  SELECT "schema_migrations"."version" FROM "schema_migrations" 
Connecting to database specified by database.yml
  [1m[36m (0.4ms)[0m  [1mSELECT "schema_migrations"."version" FROM "schema_migrations" [0m
  [1m[35m (123.3ms)[0m  DROP DATABASE IF EXISTS "sf_rspec_rails_challenge_test"
  [1m[36m (258.7ms)[0m  [1mCREATE DATABASE "sf_rspec_rails_challenge_test" ENCODING = 'utf8'[0m
  [1m[35m (11.4ms)[0m  CREATE TABLE "posts" ("id" serial primary key, "slug" character varying(255), "title" character varying(255), "content" text, "is_published" boolean DEFAULT 'f', "created_at" timestamp NOT NULL, "updated_at" timestamp NOT NULL) 
  [1m[36m (1.4ms)[0m  [1mCREATE TABLE "schema_migrations" ("version" character varying(255) NOT NULL) [0m
  [1m[35m (2.0ms)[0m  CREATE UNIQUE INDEX "unique_schema_migrations" ON "schema_migrations" ("version")
  [1m[36m (0.6ms)[0m  [1mSELECT version FROM "schema_migrations"[0m
  [1m[35m (0.8ms)[0m  INSERT INTO "schema_migrations" (version) VALUES ('20130423183943')


Started GET "/" for 127.0.0.1 at 2014-03-12 21:01:18 -0700
Connecting to database specified by database.yml
Processing by HomeController#index as HTML
  [1m[36m (0.8ms)[0m  [1mSELECT COUNT(count_column) FROM (SELECT 1 AS count_column FROM "posts" LIMIT 5) subquery_for_count [0m
  Rendered home/index.html.erb within layouts/application (24.1ms)
Compiled application.css  (1ms)  (pid 68176)
Completed 200 OK in 60ms (Views: 23.8ms | ActiveRecord: 16.9ms)


Started GET "/assets/application.css?body=1" for 127.0.0.1 at 2014-03-12 21:01:18 -0700
Served asset /application.css - 200 OK (10ms)


Started GET "/" for 127.0.0.1 at 2014-03-12 21:49:45 -0700
Processing by HomeController#index as HTML
  [1m[35m (0.3ms)[0m  SELECT COUNT(count_column) FROM (SELECT 1 AS count_column FROM "posts" LIMIT 5) subquery_for_count 
  Rendered home/index.html.erb within layouts/application (4.4ms)
Completed 200 OK in 12ms (Views: 6.1ms | ActiveRecord: 2.5ms)


Started GET "/assets/application.css?body=1" for 127.0.0.1 at 2014-03-12 21:49:45 -0700
Served asset /application.css - 304 Not Modified (0ms)


Started GET "/posts" for 127.0.0.1 at 2014-03-12 21:49:47 -0700
Processing by PostsController#index as HTML
  [1m[36mPost Load (0.3ms)[0m  [1mSELECT "posts".* FROM "posts" [0m
  Rendered posts/index.html.erb within layouts/application (0.6ms)
Completed 200 OK in 9ms (Views: 6.9ms | ActiveRecord: 0.3ms)


Started GET "/assets/application.css?body=1" for 127.0.0.1 at 2014-03-12 21:49:47 -0700
Served asset /application.css - 304 Not Modified (0ms)


Started GET "/new" for 127.0.0.1 at 2014-03-12 22:01:34 -0700

ActionController::RoutingError (No route matches [GET] "/new"):
  actionpack (3.2.12) lib/action_dispatch/middleware/debug_exceptions.rb:21:in `call'
  actionpack (3.2.12) lib/action_dispatch/middleware/show_exceptions.rb:56:in `call'
  railties (3.2.12) lib/rails/rack/logger.rb:32:in `call_app'
  railties (3.2.12) lib/rails/rack/logger.rb:16:in `block in call'
  activesupport (3.2.12) lib/active_support/tagged_logging.rb:22:in `tagged'
  railties (3.2.12) lib/rails/rack/logger.rb:16:in `call'
  actionpack (3.2.12) lib/action_dispatch/middleware/request_id.rb:22:in `call'
  rack (1.4.5) lib/rack/methodoverride.rb:21:in `call'
  rack (1.4.5) lib/rack/runtime.rb:17:in `call'
  activesupport (3.2.12) lib/active_support/cache/strategy/local_cache.rb:72:in `call'
  rack (1.4.5) lib/rack/lock.rb:15:in `call'
  actionpack (3.2.12) lib/action_dispatch/middleware/static.rb:62:in `call'
  railties (3.2.12) lib/rails/engine.rb:479:in `call'
  railties (3.2.12) lib/rails/application.rb:223:in `call'
  rack (1.4.5) lib/rack/content_length.rb:14:in `call'
  railties (3.2.12) lib/rails/rack/log_tailer.rb:17:in `call'
  rack (1.4.5) lib/rack/handler/webrick.rb:59:in `service'
  /Users/menor/.rvm/rubies/ruby-2.1.0/lib/ruby/2.1.0/webrick/httpserver.rb:138:in `service'
  /Users/menor/.rvm/rubies/ruby-2.1.0/lib/ruby/2.1.0/webrick/httpserver.rb:94:in `run'
  /Users/menor/.rvm/rubies/ruby-2.1.0/lib/ruby/2.1.0/webrick/server.rb:295:in `block in start_thread'


  Rendered /Users/menor/.rvm/gems/ruby-2.1.0/gems/actionpack-3.2.12/lib/action_dispatch/middleware/templates/rescues/routing_error.erb within rescues/layout (1.1ms)


Started GET "/posts/new" for 127.0.0.1 at 2014-03-12 22:02:02 -0700
Processing by PostsController#new as HTML
Completed 500 Internal Server Error in 19ms

ActionView::MissingTemplate (Missing template posts/new, application/new with {:locale=>[:en], :formats=>[:html], :handlers=>[:erb, :builder]}. Searched in:
  * "/Users/menor/Dropbox/bootcamp/code/phase_3/sf-rspec-rails-challenge/source/app/views"
):
  actionpack (3.2.12) lib/action_view/path_set.rb:58:in `find'
  actionpack (3.2.12) lib/action_view/lookup_context.rb:109:in `find'
  actionpack (3.2.12) lib/action_view/renderer/abstract_renderer.rb:3:in `find_template'
  actionpack (3.2.12) lib/action_view/renderer/template_renderer.rb:34:in `determine_template'
  actionpack (3.2.12) lib/action_view/renderer/template_renderer.rb:10:in `render'
  actionpack (3.2.12) lib/action_view/renderer/renderer.rb:36:in `render_template'
  actionpack (3.2.12) lib/action_view/renderer/renderer.rb:17:in `render'
  actionpack (3.2.12) lib/abstract_controller/rendering.rb:110:in `_render_template'
  actionpack (3.2.12) lib/action_controller/metal/streaming.rb:225:in `_render_template'
  actionpack (3.2.12) lib/abstract_controller/rendering.rb:103:in `render_to_body'
  actionpack (3.2.12) lib/action_controller/metal/renderers.rb:28:in `render_to_body'
  actionpack (3.2.12) lib/action_controller/metal/compatibility.rb:50:in `render_to_body'
  actionpack (3.2.12) lib/abstract_controller/rendering.rb:88:in `render'
  actionpack (3.2.12) lib/action_controller/metal/rendering.rb:16:in `render'
  actionpack (3.2.12) lib/action_controller/metal/instrumentation.rb:40:in `block (2 levels) in render'
  activesupport (3.2.12) lib/active_support/core_ext/benchmark.rb:5:in `block in ms'
  /Users/menor/.rvm/rubies/ruby-2.1.0/lib/ruby/2.1.0/benchmark.rb:294:in `realtime'
  activesupport (3.2.12) lib/active_support/core_ext/benchmark.rb:5:in `ms'
  actionpack (3.2.12) lib/action_controller/metal/instrumentation.rb:40:in `block in render'
  actionpack (3.2.12) lib/action_controller/metal/instrumentation.rb:83:in `cleanup_view_runtime'
  activerecord (3.2.12) lib/active_record/railties/controller_runtime.rb:24:in `cleanup_view_runtime'
  actionpack (3.2.12) lib/action_controller/metal/instrumentation.rb:39:in `render'
  actionpack (3.2.12) lib/action_controller/metal/implicit_render.rb:10:in `default_render'
  actionpack (3.2.12) lib/action_controller/metal/implicit_render.rb:5:in `send_action'
  actionpack (3.2.12) lib/abstract_controller/base.rb:167:in `process_action'
  actionpack (3.2.12) lib/action_controller/metal/rendering.rb:10:in `process_action'
  actionpack (3.2.12) lib/abstract_controller/callbacks.rb:18:in `block in process_action'
  activesupport (3.2.12) lib/active_support/callbacks.rb:414:in `_run__548391826204707428__process_action__731702878142423495__callbacks'
  activesupport (3.2.12) lib/active_support/callbacks.rb:405:in `__run_callback'
  activesupport (3.2.12) lib/active_support/callbacks.rb:385:in `_run_process_action_callbacks'
  activesupport (3.2.12) lib/active_support/callbacks.rb:81:in `run_callbacks'
  actionpack (3.2.12) lib/abstract_controller/callbacks.rb:17:in `process_action'
  actionpack (3.2.12) lib/action_controller/metal/rescue.rb:29:in `process_action'
  actionpack (3.2.12) lib/action_controller/metal/instrumentation.rb:30:in `block in process_action'
  activesupport (3.2.12) lib/active_support/notifications.rb:123:in `block in instrument'
  activesupport (3.2.12) lib/active_support/notifications/instrumenter.rb:20:in `instrument'
  activesupport (3.2.12) lib/active_support/notifications.rb:123:in `instrument'
  actionpack (3.2.12) lib/action_controller/metal/instrumentation.rb:29:in `process_action'
  actionpack (3.2.12) lib/action_controller/metal/params_wrapper.rb:207:in `process_action'
  activerecord (3.2.12) lib/active_record/railties/controller_runtime.rb:18:in `process_action'
  actionpack (3.2.12) lib/abstract_controller/base.rb:121:in `process'
  actionpack (3.2.12) lib/abstract_controller/rendering.rb:45:in `process'
  actionpack (3.2.12) lib/action_controller/metal.rb:203:in `dispatch'
  actionpack (3.2.12) lib/action_controller/metal/rack_delegation.rb:14:in `dispatch'
  actionpack (3.2.12) lib/action_controller/metal.rb:246:in `block in action'
  actionpack (3.2.12) lib/action_dispatch/routing/route_set.rb:73:in `call'
  actionpack (3.2.12) lib/action_dispatch/routing/route_set.rb:73:in `dispatch'
  actionpack (3.2.12) lib/action_dispatch/routing/route_set.rb:36:in `call'
  journey (1.0.4) lib/journey/router.rb:68:in `block in call'
  journey (1.0.4) lib/journey/router.rb:56:in `each'
  journey (1.0.4) lib/journey/router.rb:56:in `call'
  actionpack (3.2.12) lib/action_dispatch/routing/route_set.rb:601:in `call'
  actionpack (3.2.12) lib/action_dispatch/middleware/best_standards_support.rb:17:in `call'
  rack (1.4.5) lib/rack/etag.rb:23:in `call'
  rack (1.4.5) lib/rack/conditionalget.rb:25:in `call'
  actionpack (3.2.12) lib/action_dispatch/middleware/head.rb:14:in `call'
  actionpack (3.2.12) lib/action_dispatch/middleware/params_parser.rb:21:in `call'
  actionpack (3.2.12) lib/action_dispatch/middleware/flash.rb:242:in `call'
  rack (1.4.5) lib/rack/session/abstract/id.rb:210:in `context'
  rack (1.4.5) lib/rack/session/abstract/id.rb:205:in `call'
  actionpack (3.2.12) lib/action_dispatch/middleware/cookies.rb:341:in `call'
  activerecord (3.2.12) lib/active_record/query_cache.rb:64:in `call'
  activerecord (3.2.12) lib/active_record/connection_adapters/abstract/connection_pool.rb:479:in `call'
  actionpack (3.2.12) lib/action_dispatch/middleware/callbacks.rb:28:in `block in call'
  activesupport (3.2.12) lib/active_support/callbacks.rb:405:in `_run__796839569062617791__call__875611218288992831__callbacks'
  activesupport (3.2.12) lib/active_support/callbacks.rb:405:in `__run_callback'
  activesupport (3.2.12) lib/active_support/callbacks.rb:385:in `_run_call_callbacks'
  activesupport (3.2.12) lib/active_support/callbacks.rb:81:in `run_callbacks'
  actionpack (3.2.12) lib/action_dispatch/middleware/callbacks.rb:27:in `call'
  actionpack (3.2.12) lib/action_dispatch/middleware/reloader.rb:65:in `call'
  actionpack (3.2.12) lib/action_dispatch/middleware/remote_ip.rb:31:in `call'
  actionpack (3.2.12) lib/action_dispatch/middleware/debug_exceptions.rb:16:in `call'
  actionpack (3.2.12) lib/action_dispatch/middleware/show_exceptions.rb:56:in `call'
  railties (3.2.12) lib/rails/rack/logger.rb:32:in `call_app'
  railties (3.2.12) lib/rails/rack/logger.rb:16:in `block in call'
  activesupport (3.2.12) lib/active_support/tagged_logging.rb:22:in `tagged'
  railties (3.2.12) lib/rails/rack/logger.rb:16:in `call'
  actionpack (3.2.12) lib/action_dispatch/middleware/request_id.rb:22:in `call'
  rack (1.4.5) lib/rack/methodoverride.rb:21:in `call'
  rack (1.4.5) lib/rack/runtime.rb:17:in `call'
  activesupport (3.2.12) lib/active_support/cache/strategy/local_cache.rb:72:in `call'
  rack (1.4.5) lib/rack/lock.rb:15:in `call'
  actionpack (3.2.12) lib/action_dispatch/middleware/static.rb:62:in `call'
  railties (3.2.12) lib/rails/engine.rb:479:in `call'
  railties (3.2.12) lib/rails/application.rb:223:in `call'
  rack (1.4.5) lib/rack/content_length.rb:14:in `call'
  railties (3.2.12) lib/rails/rack/log_tailer.rb:17:in `call'
  rack (1.4.5) lib/rack/handler/webrick.rb:59:in `service'
  /Users/menor/.rvm/rubies/ruby-2.1.0/lib/ruby/2.1.0/webrick/httpserver.rb:138:in `service'
  /Users/menor/.rvm/rubies/ruby-2.1.0/lib/ruby/2.1.0/webrick/httpserver.rb:94:in `run'
  /Users/menor/.rvm/rubies/ruby-2.1.0/lib/ruby/2.1.0/webrick/server.rb:295:in `block in start_thread'


  Rendered /Users/menor/.rvm/gems/ruby-2.1.0/gems/actionpack-3.2.12/lib/action_dispatch/middleware/templates/rescues/missing_template.erb within rescues/layout (1.6ms)


Started GET "/admin/posts/new" for 127.0.0.1 at 2014-03-12 22:02:15 -0700
Processing by Admin::PostsController#new as HTML
ERROR: compiling _app_views_admin_posts_new_html_erb___636542707186616054_70172612268860 RAISED /Users/menor/Dropbox/bootcamp/code/phase_3/sf-rspec-rails-challenge/source/app/views/admin/posts/new.html.erb:17: syntax error, unexpected keyword_ensure, expecting keyword_end
/Users/menor/Dropbox/bootcamp/code/phase_3/sf-rspec-rails-challenge/source/app/views/admin/posts/new.html.erb:19: syntax error, unexpected end-of-input, expecting keyword_end
Function body:           def _app_views_admin_posts_new_html_erb___636542707186616054_70172612268860(local_assigns, output_buffer)
            _old_virtual_path, @virtual_path = @virtual_path, "admin/posts/new";_old_output_buffer = @output_buffer;;@output_buffer = output_buffer || ActionView::OutputBuffer.new;@output_buffer.safe_concat('<h1>Create a new post</h1>

');@output_buffer.append=  form_for @post do |t| @output_buffer.safe_concat('
');@output_buffer.safe_concat('    <ul>
        <li>
            ');@output_buffer.append= ( t.label :title );@output_buffer.safe_concat('
');@output_buffer.safe_concat('            ');@output_buffer.append= ( t.text_field :title );@output_buffer.safe_concat('
');@output_buffer.safe_concat('        </li>
        <li>
            ');@output_buffer.append= ( t.label :content );@output_buffer.safe_concat('
');@output_buffer.safe_concat('            ');@output_buffer.append= ( t.text_field :content );@output_buffer.safe_concat('
');@output_buffer.safe_concat('        </li>
        <li>
            ');@output_buffer.append= ( t.submit );@output_buffer.safe_concat('
');@output_buffer.safe_concat('        </li>
    </ul>');@output_buffer.to_s
          ensure
            @virtual_path, @output_buffer = _old_virtual_path, _old_output_buffer
          end

Backtrace: /Users/menor/.rvm/gems/ruby-2.1.0/gems/actionpack-3.2.12/lib/action_view/template.rb:297:in `module_eval'
/Users/menor/.rvm/gems/ruby-2.1.0/gems/actionpack-3.2.12/lib/action_view/template.rb:297:in `compile'
/Users/menor/.rvm/gems/ruby-2.1.0/gems/actionpack-3.2.12/lib/action_view/template.rb:244:in `block in compile!'
/Users/menor/.rvm/gems/ruby-2.1.0/gems/actionpack-3.2.12/lib/action_view/template.rb:232:in `synchronize'
/Users/menor/.rvm/gems/ruby-2.1.0/gems/actionpack-3.2.12/lib/action_view/template.rb:232:in `compile!'
/Users/menor/.rvm/gems/ruby-2.1.0/gems/actionpack-3.2.12/lib/action_view/template.rb:144:in `block in render'
/Users/menor/.rvm/gems/ruby-2.1.0/gems/activesupport-3.2.12/lib/active_support/notifications.rb:125:in `instrument'
/Users/menor/.rvm/gems/ruby-2.1.0/gems/actionpack-3.2.12/lib/action_view/template.rb:143:in `render'
/Users/menor/.rvm/gems/ruby-2.1.0/gems/actionpack-3.2.12/lib/action_view/renderer/template_renderer.rb:47:in `block (2 levels) in render_template'
/Users/menor/.rvm/gems/ruby-2.1.0/gems/actionpack-3.2.12/lib/action_view/renderer/abstract_renderer.rb:38:in `block in instrument'
/Users/menor/.rvm/gems/ruby-2.1.0/gems/activesupport-3.2.12/lib/active_support/notifications.rb:123:in `block in instrument'
/Users/menor/.rvm/gems/ruby-2.1.0/gems/activesupport-3.2.12/lib/active_support/notifications/instrumenter.rb:20:in `instrument'
/Users/menor/.rvm/gems/ruby-2.1.0/gems/activesupport-3.2.12/lib/active_support/notifications.rb:123:in `instrument'
/Users/menor/.rvm/gems/ruby-2.1.0/gems/actionpack-3.2.12/lib/action_view/renderer/abstract_renderer.rb:38:in `instrument'
/Users/menor/.rvm/gems/ruby-2.1.0/gems/actionpack-3.2.12/lib/action_view/renderer/template_renderer.rb:46:in `block in render_template'
/Users/menor/.rvm/gems/ruby-2.1.0/gems/actionpack-3.2.12/lib/action_view/renderer/template_renderer.rb:54:in `render_with_layout'
/Users/menor/.rvm/gems/ruby-2.1.0/gems/actionpack-3.2.12/lib/action_view/renderer/template_renderer.rb:45:in `render_template'
/Users/menor/.rvm/gems/ruby-2.1.0/gems/actionpack-3.2.12/lib/action_view/renderer/template_renderer.rb:18:in `render'
/Users/menor/.rvm/gems/ruby-2.1.0/gems/actionpack-3.2.12/lib/action_view/renderer/renderer.rb:36:in `render_template'
/Users/menor/.rvm/gems/ruby-2.1.0/gems/actionpack-3.2.12/lib/action_view/renderer/renderer.rb:17:in `render'
/Users/menor/.rvm/gems/ruby-2.1.0/gems/actionpack-3.2.12/lib/abstract_controller/rendering.rb:110:in `_render_template'
/Users/menor/.rvm/gems/ruby-2.1.0/gems/actionpack-3.2.12/lib/action_controller/metal/streaming.rb:225:in `_render_template'
/Users/menor/.rvm/gems/ruby-2.1.0/gems/actionpack-3.2.12/lib/abstract_controller/rendering.rb:103:in `render_to_body'
/Users/menor/.rvm/gems/ruby-2.1.0/gems/actionpack-3.2.12/lib/action_controller/metal/renderers.rb:28:in `render_to_body'
/Users/menor/.rvm/gems/ruby-2.1.0/gems/actionpack-3.2.12/lib/action_controller/metal/compatibility.rb:50:in `render_to_body'
/Users/menor/.rvm/gems/ruby-2.1.0/gems/actionpack-3.2.12/lib/abstract_controller/rendering.rb:88:in `render'
/Users/menor/.rvm/gems/ruby-2.1.0/gems/actionpack-3.2.12/lib/action_controller/metal/rendering.rb:16:in `render'
/Users/menor/.rvm/gems/ruby-2.1.0/gems/actionpack-3.2.12/lib/action_controller/metal/instrumentation.rb:40:in `block (2 levels) in render'
/Users/menor/.rvm/gems/ruby-2.1.0/gems/activesupport-3.2.12/lib/active_support/core_ext/benchmark.rb:5:in `block in ms'
/Users/menor/.rvm/rubies/ruby-2.1.0/lib/ruby/2.1.0/benchmark.rb:294:in `realtime'
/Users/menor/.rvm/gems/ruby-2.1.0/gems/activesupport-3.2.12/lib/active_support/core_ext/benchmark.rb:5:in `ms'
/Users/menor/.rvm/gems/ruby-2.1.0/gems/actionpack-3.2.12/lib/action_controller/metal/instrumentation.rb:40:in `block in render'
/Users/menor/.rvm/gems/ruby-2.1.0/gems/actionpack-3.2.12/lib/action_controller/metal/instrumentation.rb:83:in `cleanup_view_runtime'
/Users/menor/.rvm/gems/ruby-2.1.0/gems/activerecord-3.2.12/lib/active_record/railties/controller_runtime.rb:24:in `cleanup_view_runtime'
/Users/menor/.rvm/gems/ruby-2.1.0/gems/actionpack-3.2.12/lib/action_controller/metal/instrumentation.rb:39:in `render'
/Users/menor/.rvm/gems/ruby-2.1.0/gems/actionpack-3.2.12/lib/action_controller/metal/implicit_render.rb:10:in `default_render'
/Users/menor/.rvm/gems/ruby-2.1.0/gems/actionpack-3.2.12/lib/action_controller/metal/implicit_render.rb:5:in `send_action'
/Users/menor/.rvm/gems/ruby-2.1.0/gems/actionpack-3.2.12/lib/abstract_controller/base.rb:167:in `process_action'
/Users/menor/.rvm/gems/ruby-2.1.0/gems/actionpack-3.2.12/lib/action_controller/metal/rendering.rb:10:in `process_action'
/Users/menor/.rvm/gems/ruby-2.1.0/gems/actionpack-3.2.12/lib/abstract_controller/callbacks.rb:18:in `block in process_action'
/Users/menor/.rvm/gems/ruby-2.1.0/gems/activesupport-3.2.12/lib/active_support/callbacks.rb:414:in `_run__2474258888227614951__process_action__731702878142423495__callbacks'
/Users/menor/.rvm/gems/ruby-2.1.0/gems/activesupport-3.2.12/lib/active_support/callbacks.rb:405:in `__run_callback'
/Users/menor/.rvm/gems/ruby-2.1.0/gems/activesupport-3.2.12/lib/active_support/callbacks.rb:385:in `_run_process_action_callbacks'
/Users/menor/.rvm/gems/ruby-2.1.0/gems/activesupport-3.2.12/lib/active_support/callbacks.rb:81:in `run_callbacks'
/Users/menor/.rvm/gems/ruby-2.1.0/gems/actionpack-3.2.12/lib/abstract_controller/callbacks.rb:17:in `process_action'
/Users/menor/.rvm/gems/ruby-2.1.0/gems/actionpack-3.2.12/lib/action_controller/metal/rescue.rb:29:in `process_action'
/Users/menor/.rvm/gems/ruby-2.1.0/gems/actionpack-3.2.12/lib/action_controller/metal/instrumentation.rb:30:in `block in process_action'
/Users/menor/.rvm/gems/ruby-2.1.0/gems/activesupport-3.2.12/lib/active_support/notifications.rb:123:in `block in instrument'
/Users/menor/.rvm/gems/ruby-2.1.0/gems/activesupport-3.2.12/lib/active_support/notifications/instrumenter.rb:20:in `instrument'
/Users/menor/.rvm/gems/ruby-2.1.0/gems/activesupport-3.2.12/lib/active_support/notifications.rb:123:in `instrument'
/Users/menor/.rvm/gems/ruby-2.1.0/gems/actionpack-3.2.12/lib/action_controller/metal/instrumentation.rb:29:in `process_action'
/Users/menor/.rvm/gems/ruby-2.1.0/gems/actionpack-3.2.12/lib/action_controller/metal/params_wrapper.rb:207:in `process_action'
/Users/menor/.rvm/gems/ruby-2.1.0/gems/activerecord-3.2.12/lib/active_record/railties/controller_runtime.rb:18:in `process_action'
/Users/menor/.rvm/gems/ruby-2.1.0/gems/actionpack-3.2.12/lib/abstract_controller/base.rb:121:in `process'
/Users/menor/.rvm/gems/ruby-2.1.0/gems/actionpack-3.2.12/lib/abstract_controller/rendering.rb:45:in `process'
/Users/menor/.rvm/gems/ruby-2.1.0/gems/actionpack-3.2.12/lib/action_controller/metal.rb:203:in `dispatch'
/Users/menor/.rvm/gems/ruby-2.1.0/gems/actionpack-3.2.12/lib/action_controller/metal/rack_delegation.rb:14:in `dispatch'
/Users/menor/.rvm/gems/ruby-2.1.0/gems/actionpack-3.2.12/lib/action_controller/metal.rb:246:in `block in action'
/Users/menor/.rvm/gems/ruby-2.1.0/gems/actionpack-3.2.12/lib/action_dispatch/routing/route_set.rb:73:in `call'
/Users/menor/.rvm/gems/ruby-2.1.0/gems/actionpack-3.2.12/lib/action_dispatch/routing/route_set.rb:73:in `dispatch'
/Users/menor/.rvm/gems/ruby-2.1.0/gems/actionpack-3.2.12/lib/action_dispatch/routing/route_set.rb:36:in `call'
/Users/menor/.rvm/gems/ruby-2.1.0/gems/journey-1.0.4/lib/journey/router.rb:68:in `block in call'
/Users/menor/.rvm/gems/ruby-2.1.0/gems/journey-1.0.4/lib/journey/router.rb:56:in `each'
/Users/menor/.rvm/gems/ruby-2.1.0/gems/journey-1.0.4/lib/journey/router.rb:56:in `call'
/Users/menor/.rvm/gems/ruby-2.1.0/gems/actionpack-3.2.12/lib/action_dispatch/routing/route_set.rb:601:in `call'
/Users/menor/.rvm/gems/ruby-2.1.0/gems/actionpack-3.2.12/lib/action_dispatch/middleware/best_standards_support.rb:17:in `call'
/Users/menor/.rvm/gems/ruby-2.1.0/gems/rack-1.4.5/lib/rack/etag.rb:23:in `call'
/Users/menor/.rvm/gems/ruby-2.1.0/gems/rack-1.4.5/lib/rack/conditionalget.rb:25:in `call'
/Users/menor/.rvm/gems/ruby-2.1.0/gems/actionpack-3.2.12/lib/action_dispatch/middleware/head.rb:14:in `call'
/Users/menor/.rvm/gems/ruby-2.1.0/gems/actionpack-3.2.12/lib/action_dispatch/middleware/params_parser.rb:21:in `call'
/Users/menor/.rvm/gems/ruby-2.1.0/gems/actionpack-3.2.12/lib/action_dispatch/middleware/flash.rb:242:in `call'
/Users/menor/.rvm/gems/ruby-2.1.0/gems/rack-1.4.5/lib/rack/session/abstract/id.rb:210:in `context'
/Users/menor/.rvm/gems/ruby-2.1.0/gems/rack-1.4.5/lib/rack/session/abstract/id.rb:205:in `call'
/Users/menor/.rvm/gems/ruby-2.1.0/gems/actionpack-3.2.12/lib/action_dispatch/middleware/cookies.rb:341:in `call'
/Users/menor/.rvm/gems/ruby-2.1.0/gems/activerecord-3.2.12/lib/active_record/query_cache.rb:64:in `call'
/Users/menor/.rvm/gems/ruby-2.1.0/gems/activerecord-3.2.12/lib/active_record/connection_adapters/abstract/connection_pool.rb:479:in `call'
/Users/menor/.rvm/gems/ruby-2.1.0/gems/actionpack-3.2.12/lib/action_dispatch/middleware/callbacks.rb:28:in `block in call'
/Users/menor/.rvm/gems/ruby-2.1.0/gems/activesupport-3.2.12/lib/active_support/callbacks.rb:405:in `_run__796839569062617791__call__875611218288992831__callbacks'
/Users/menor/.rvm/gems/ruby-2.1.0/gems/activesupport-3.2.12/lib/active_support/callbacks.rb:405:in `__run_callback'
/Users/menor/.rvm/gems/ruby-2.1.0/gems/activesupport-3.2.12/lib/active_support/callbacks.rb:385:in `_run_call_callbacks'
/Users/menor/.rvm/gems/ruby-2.1.0/gems/activesupport-3.2.12/lib/active_support/callbacks.rb:81:in `run_callbacks'
/Users/menor/.rvm/gems/ruby-2.1.0/gems/actionpack-3.2.12/lib/action_dispatch/middleware/callbacks.rb:27:in `call'
/Users/menor/.rvm/gems/ruby-2.1.0/gems/actionpack-3.2.12/lib/action_dispatch/middleware/reloader.rb:65:in `call'
/Users/menor/.rvm/gems/ruby-2.1.0/gems/actionpack-3.2.12/lib/action_dispatch/middleware/remote_ip.rb:31:in `call'
/Users/menor/.rvm/gems/ruby-2.1.0/gems/actionpack-3.2.12/lib/action_dispatch/middleware/debug_exceptions.rb:16:in `call'
/Users/menor/.rvm/gems/ruby-2.1.0/gems/actionpack-3.2.12/lib/action_dispatch/middleware/show_exceptions.rb:56:in `call'
/Users/menor/.rvm/gems/ruby-2.1.0/gems/railties-3.2.12/lib/rails/rack/logger.rb:32:in `call_app'
/Users/menor/.rvm/gems/ruby-2.1.0/gems/railties-3.2.12/lib/rails/rack/logger.rb:16:in `block in call'
/Users/menor/.rvm/gems/ruby-2.1.0/gems/activesupport-3.2.12/lib/active_support/tagged_logging.rb:22:in `tagged'
/Users/menor/.rvm/gems/ruby-2.1.0/gems/railties-3.2.12/lib/rails/rack/logger.rb:16:in `call'
/Users/menor/.rvm/gems/ruby-2.1.0/gems/actionpack-3.2.12/lib/action_dispatch/middleware/request_id.rb:22:in `call'
/Users/menor/.rvm/gems/ruby-2.1.0/gems/rack-1.4.5/lib/rack/methodoverride.rb:21:in `call'
/Users/menor/.rvm/gems/ruby-2.1.0/gems/rack-1.4.5/lib/rack/runtime.rb:17:in `call'
/Users/menor/.rvm/gems/ruby-2.1.0/gems/activesupport-3.2.12/lib/active_support/cache/strategy/local_cache.rb:72:in `call'
/Users/menor/.rvm/gems/ruby-2.1.0/gems/rack-1.4.5/lib/rack/lock.rb:15:in `call'
/Users/menor/.rvm/gems/ruby-2.1.0/gems/actionpack-3.2.12/lib/action_dispatch/middleware/static.rb:62:in `call'
/Users/menor/.rvm/gems/ruby-2.1.0/gems/railties-3.2.12/lib/rails/engine.rb:479:in `call'
/Users/menor/.rvm/gems/ruby-2.1.0/gems/railties-3.2.12/lib/rails/application.rb:223:in `call'
/Users/menor/.rvm/gems/ruby-2.1.0/gems/rack-1.4.5/lib/rack/content_length.rb:14:in `call'
/Users/menor/.rvm/gems/ruby-2.1.0/gems/railties-3.2.12/lib/rails/rack/log_tailer.rb:17:in `call'
/Users/menor/.rvm/gems/ruby-2.1.0/gems/rack-1.4.5/lib/rack/handler/webrick.rb:59:in `service'
/Users/menor/.rvm/rubies/ruby-2.1.0/lib/ruby/2.1.0/webrick/httpserver.rb:138:in `service'
/Users/menor/.rvm/rubies/ruby-2.1.0/lib/ruby/2.1.0/webrick/httpserver.rb:94:in `run'
/Users/menor/.rvm/rubies/ruby-2.1.0/lib/ruby/2.1.0/webrick/server.rb:295:in `block in start_thread'
  Rendered admin/posts/new.html.erb within layouts/application (1.5ms)
Completed 500 Internal Server Error in 5ms

ActionView::Template::Error (/Users/menor/Dropbox/bootcamp/code/phase_3/sf-rspec-rails-challenge/source/app/views/admin/posts/new.html.erb:17: syntax error, unexpected keyword_ensure, expecting keyword_end
/Users/menor/Dropbox/bootcamp/code/phase_3/sf-rspec-rails-challenge/source/app/views/admin/posts/new.html.erb:19: syntax error, unexpected end-of-input, expecting keyword_end):
    14:             <%= t.submit %>
    15:         </li>
    16:     </ul>
  actionpack (3.2.12) lib/action_view/template.rb:297:in `module_eval'
  actionpack (3.2.12) lib/action_view/template.rb:297:in `compile'
  actionpack (3.2.12) lib/action_view/template.rb:244:in `block in compile!'
  actionpack (3.2.12) lib/action_view/template.rb:232:in `synchronize'
  actionpack (3.2.12) lib/action_view/template.rb:232:in `compile!'
  actionpack (3.2.12) lib/action_view/template.rb:144:in `block in render'
  activesupport (3.2.12) lib/active_support/notifications.rb:125:in `instrument'
  actionpack (3.2.12) lib/action_view/template.rb:143:in `render'
  actionpack (3.2.12) lib/action_view/renderer/template_renderer.rb:47:in `block (2 levels) in render_template'
  actionpack (3.2.12) lib/action_view/renderer/abstract_renderer.rb:38:in `block in instrument'
  activesupport (3.2.12) lib/active_support/notifications.rb:123:in `block in instrument'
  activesupport (3.2.12) lib/active_support/notifications/instrumenter.rb:20:in `instrument'
  activesupport (3.2.12) lib/active_support/notifications.rb:123:in `instrument'
  actionpack (3.2.12) lib/action_view/renderer/abstract_renderer.rb:38:in `instrument'
  actionpack (3.2.12) lib/action_view/renderer/template_renderer.rb:46:in `block in render_template'
  actionpack (3.2.12) lib/action_view/renderer/template_renderer.rb:54:in `render_with_layout'
  actionpack (3.2.12) lib/action_view/renderer/template_renderer.rb:45:in `render_template'
  actionpack (3.2.12) lib/action_view/renderer/template_renderer.rb:18:in `render'
  actionpack (3.2.12) lib/action_view/renderer/renderer.rb:36:in `render_template'
  actionpack (3.2.12) lib/action_view/renderer/renderer.rb:17:in `render'
  actionpack (3.2.12) lib/abstract_controller/rendering.rb:110:in `_render_template'
  actionpack (3.2.12) lib/action_controller/metal/streaming.rb:225:in `_render_template'
  actionpack (3.2.12) lib/abstract_controller/rendering.rb:103:in `render_to_body'
  actionpack (3.2.12) lib/action_controller/metal/renderers.rb:28:in `render_to_body'
  actionpack (3.2.12) lib/action_controller/metal/compatibility.rb:50:in `render_to_body'
  actionpack (3.2.12) lib/abstract_controller/rendering.rb:88:in `render'
  actionpack (3.2.12) lib/action_controller/metal/rendering.rb:16:in `render'
  actionpack (3.2.12) lib/action_controller/metal/instrumentation.rb:40:in `block (2 levels) in render'
  activesupport (3.2.12) lib/active_support/core_ext/benchmark.rb:5:in `block in ms'
  /Users/menor/.rvm/rubies/ruby-2.1.0/lib/ruby/2.1.0/benchmark.rb:294:in `realtime'
  activesupport (3.2.12) lib/active_support/core_ext/benchmark.rb:5:in `ms'
  actionpack (3.2.12) lib/action_controller/metal/instrumentation.rb:40:in `block in render'
  actionpack (3.2.12) lib/action_controller/metal/instrumentation.rb:83:in `cleanup_view_runtime'
  activerecord (3.2.12) lib/active_record/railties/controller_runtime.rb:24:in `cleanup_view_runtime'
  actionpack (3.2.12) lib/action_controller/metal/instrumentation.rb:39:in `render'
  actionpack (3.2.12) lib/action_controller/metal/implicit_render.rb:10:in `default_render'
  actionpack (3.2.12) lib/action_controller/metal/implicit_render.rb:5:in `send_action'
  actionpack (3.2.12) lib/abstract_controller/base.rb:167:in `process_action'
  actionpack (3.2.12) lib/action_controller/metal/rendering.rb:10:in `process_action'
  actionpack (3.2.12) lib/abstract_controller/callbacks.rb:18:in `block in process_action'
  activesupport (3.2.12) lib/active_support/callbacks.rb:414:in `_run__2474258888227614951__process_action__731702878142423495__callbacks'
  activesupport (3.2.12) lib/active_support/callbacks.rb:405:in `__run_callback'
  activesupport (3.2.12) lib/active_support/callbacks.rb:385:in `_run_process_action_callbacks'
  activesupport (3.2.12) lib/active_support/callbacks.rb:81:in `run_callbacks'
  actionpack (3.2.12) lib/abstract_controller/callbacks.rb:17:in `process_action'
  actionpack (3.2.12) lib/action_controller/metal/rescue.rb:29:in `process_action'
  actionpack (3.2.12) lib/action_controller/metal/instrumentation.rb:30:in `block in process_action'
  activesupport (3.2.12) lib/active_support/notifications.rb:123:in `block in instrument'
  activesupport (3.2.12) lib/active_support/notifications/instrumenter.rb:20:in `instrument'
  activesupport (3.2.12) lib/active_support/notifications.rb:123:in `instrument'
  actionpack (3.2.12) lib/action_controller/metal/instrumentation.rb:29:in `process_action'
  actionpack (3.2.12) lib/action_controller/metal/params_wrapper.rb:207:in `process_action'
  activerecord (3.2.12) lib/active_record/railties/controller_runtime.rb:18:in `process_action'
  actionpack (3.2.12) lib/abstract_controller/base.rb:121:in `process'
  actionpack (3.2.12) lib/abstract_controller/rendering.rb:45:in `process'
  actionpack (3.2.12) lib/action_controller/metal.rb:203:in `dispatch'
  actionpack (3.2.12) lib/action_controller/metal/rack_delegation.rb:14:in `dispatch'
  actionpack (3.2.12) lib/action_controller/metal.rb:246:in `block in action'
  actionpack (3.2.12) lib/action_dispatch/routing/route_set.rb:73:in `call'
  actionpack (3.2.12) lib/action_dispatch/routing/route_set.rb:73:in `dispatch'
  actionpack (3.2.12) lib/action_dispatch/routing/route_set.rb:36:in `call'
  journey (1.0.4) lib/journey/router.rb:68:in `block in call'
  journey (1.0.4) lib/journey/router.rb:56:in `each'
  journey (1.0.4) lib/journey/router.rb:56:in `call'
  actionpack (3.2.12) lib/action_dispatch/routing/route_set.rb:601:in `call'
  actionpack (3.2.12) lib/action_dispatch/middleware/best_standards_support.rb:17:in `call'
  rack (1.4.5) lib/rack/etag.rb:23:in `call'
  rack (1.4.5) lib/rack/conditionalget.rb:25:in `call'
  actionpack (3.2.12) lib/action_dispatch/middleware/head.rb:14:in `call'
  actionpack (3.2.12) lib/action_dispatch/middleware/params_parser.rb:21:in `call'
  actionpack (3.2.12) lib/action_dispatch/middleware/flash.rb:242:in `call'
  rack (1.4.5) lib/rack/session/abstract/id.rb:210:in `context'
  rack (1.4.5) lib/rack/session/abstract/id.rb:205:in `call'
  actionpack (3.2.12) lib/action_dispatch/middleware/cookies.rb:341:in `call'
  activerecord (3.2.12) lib/active_record/query_cache.rb:64:in `call'
  activerecord (3.2.12) lib/active_record/connection_adapters/abstract/connection_pool.rb:479:in `call'
  actionpack (3.2.12) lib/action_dispatch/middleware/callbacks.rb:28:in `block in call'
  activesupport (3.2.12) lib/active_support/callbacks.rb:405:in `_run__796839569062617791__call__875611218288992831__callbacks'
  activesupport (3.2.12) lib/active_support/callbacks.rb:405:in `__run_callback'
  activesupport (3.2.12) lib/active_support/callbacks.rb:385:in `_run_call_callbacks'
  activesupport (3.2.12) lib/active_support/callbacks.rb:81:in `run_callbacks'
  actionpack (3.2.12) lib/action_dispatch/middleware/callbacks.rb:27:in `call'
  actionpack (3.2.12) lib/action_dispatch/middleware/reloader.rb:65:in `call'
  actionpack (3.2.12) lib/action_dispatch/middleware/remote_ip.rb:31:in `call'
  actionpack (3.2.12) lib/action_dispatch/middleware/debug_exceptions.rb:16:in `call'
  actionpack (3.2.12) lib/action_dispatch/middleware/show_exceptions.rb:56:in `call'
  railties (3.2.12) lib/rails/rack/logger.rb:32:in `call_app'
  railties (3.2.12) lib/rails/rack/logger.rb:16:in `block in call'
  activesupport (3.2.12) lib/active_support/tagged_logging.rb:22:in `tagged'
  railties (3.2.12) lib/rails/rack/logger.rb:16:in `call'
  actionpack (3.2.12) lib/action_dispatch/middleware/request_id.rb:22:in `call'
  rack (1.4.5) lib/rack/methodoverride.rb:21:in `call'
  rack (1.4.5) lib/rack/runtime.rb:17:in `call'
  activesupport (3.2.12) lib/active_support/cache/strategy/local_cache.rb:72:in `call'
  rack (1.4.5) lib/rack/lock.rb:15:in `call'
  actionpack (3.2.12) lib/action_dispatch/middleware/static.rb:62:in `call'
  railties (3.2.12) lib/rails/engine.rb:479:in `call'
  railties (3.2.12) lib/rails/application.rb:223:in `call'
  rack (1.4.5) lib/rack/content_length.rb:14:in `call'
  railties (3.2.12) lib/rails/rack/log_tailer.rb:17:in `call'
  rack (1.4.5) lib/rack/handler/webrick.rb:59:in `service'
  /Users/menor/.rvm/rubies/ruby-2.1.0/lib/ruby/2.1.0/webrick/httpserver.rb:138:in `service'
  /Users/menor/.rvm/rubies/ruby-2.1.0/lib/ruby/2.1.0/webrick/httpserver.rb:94:in `run'
  /Users/menor/.rvm/rubies/ruby-2.1.0/lib/ruby/2.1.0/webrick/server.rb:295:in `block in start_thread'


  Rendered /Users/menor/.rvm/gems/ruby-2.1.0/gems/actionpack-3.2.12/lib/action_dispatch/middleware/templates/rescues/_trace.erb (3.8ms)
  Rendered /Users/menor/.rvm/gems/ruby-2.1.0/gems/actionpack-3.2.12/lib/action_dispatch/middleware/templates/rescues/_request_and_response.erb (1.9ms)
  Rendered /Users/menor/.rvm/gems/ruby-2.1.0/gems/actionpack-3.2.12/lib/action_dispatch/middleware/templates/rescues/template_error.erb within rescues/layout (18.1ms)


Started GET "/admin/posts/new" for 127.0.0.1 at 2014-03-12 22:02:45 -0700
Processing by Admin::PostsController#new as HTML
  Rendered admin/posts/new.html.erb within layouts/application (16.2ms)
Completed 200 OK in 20ms (Views: 19.5ms | ActiveRecord: 0.0ms)


Started GET "/assets/application.css?body=1" for 127.0.0.1 at 2014-03-12 22:02:45 -0700
Served asset /application.css - 304 Not Modified (0ms)


Started GET "/admin/posts/new" for 127.0.0.1 at 2014-03-12 22:03:00 -0700
Processing by Admin::PostsController#new as HTML
  Rendered admin/posts/new.html.erb within layouts/application (7.3ms)
Completed 200 OK in 15ms (Views: 14.9ms | ActiveRecord: 0.0ms)


Started GET "/assets/application.css?body=1" for 127.0.0.1 at 2014-03-12 22:03:00 -0700
Served asset /application.css - 304 Not Modified (0ms)
